<?xml version="1.0" encoding="UTF-8"?>
<testsuite xmlns:xsi="http://www.w3.org/2001/XMLSchema-instance" xsi:noNamespaceSchemaLocation="https://maven.apache.org/surefire/maven-surefire-plugin/xsd/surefire-test-report.xsd" name="com.santanderbootcamp.desafio_spring.integration_test.HotelesYVuelosControllerTest" time="0.266" tests="1" errors="0" skipped="0" failures="0">
  <properties>
[...]
</properties>
  <testcase name="getHotelesDisponiblesPorFechaYDestino" classname="com.santanderbootcamp.desafio_spring.integration_test.HotelesYVuelosControllerTest" time="0.023"/>
</testsuite>